[2017-07-21 10:00:46,010] TRACE [Controller 0]: checking need to trigger partition rebalance (kafka.controller.KafkaController)
[2017-07-21 10:00:46,011] DEBUG [Controller 0]: preferred replicas by broker Map() (kafka.controller.KafkaController)
[2017-07-21 10:05:46,009] TRACE [Controller 0]: checking need to trigger partition rebalance (kafka.controller.KafkaController)
[2017-07-21 10:05:46,010] DEBUG [Controller 0]: preferred replicas by broker Map() (kafka.controller.KafkaController)
[2017-07-21 10:10:46,010] TRACE [Controller 0]: checking need to trigger partition rebalance (kafka.controller.KafkaController)
[2017-07-21 10:10:46,010] DEBUG [Controller 0]: preferred replicas by broker Map() (kafka.controller.KafkaController)
[2017-07-21 10:15:46,010] TRACE [Controller 0]: checking need to trigger partition rebalance (kafka.controller.KafkaController)
[2017-07-21 10:15:46,010] DEBUG [Controller 0]: preferred replicas by broker Map() (kafka.controller.KafkaController)
[2017-07-21 10:20:46,010] TRACE [Controller 0]: checking need to trigger partition rebalance (kafka.controller.KafkaController)
[2017-07-21 10:20:46,010] DEBUG [Controller 0]: preferred replicas by broker Map() (kafka.controller.KafkaController)
[2017-07-21 10:25:46,010] TRACE [Controller 0]: checking need to trigger partition rebalance (kafka.controller.KafkaController)
[2017-07-21 10:25:46,010] DEBUG [Controller 0]: preferred replicas by broker Map() (kafka.controller.KafkaController)
[2017-07-21 10:30:46,010] TRACE [Controller 0]: checking need to trigger partition rebalance (kafka.controller.KafkaController)
[2017-07-21 10:30:46,010] DEBUG [Controller 0]: preferred replicas by broker Map() (kafka.controller.KafkaController)
[2017-07-21 10:35:46,010] TRACE [Controller 0]: checking need to trigger partition rebalance (kafka.controller.KafkaController)
[2017-07-21 10:35:46,010] DEBUG [Controller 0]: preferred replicas by broker Map() (kafka.controller.KafkaController)
[2017-07-21 10:40:46,009] TRACE [Controller 0]: checking need to trigger partition rebalance (kafka.controller.KafkaController)
[2017-07-21 10:40:46,010] DEBUG [Controller 0]: preferred replicas by broker Map() (kafka.controller.KafkaController)
[2017-07-21 10:45:46,009] TRACE [Controller 0]: checking need to trigger partition rebalance (kafka.controller.KafkaController)
[2017-07-21 10:45:46,010] DEBUG [Controller 0]: preferred replicas by broker Map() (kafka.controller.KafkaController)
[2017-07-21 10:50:46,010] TRACE [Controller 0]: checking need to trigger partition rebalance (kafka.controller.KafkaController)
[2017-07-21 10:50:46,010] DEBUG [Controller 0]: preferred replicas by broker Map() (kafka.controller.KafkaController)
[2017-07-21 10:51:22,334] INFO [Controller 0]: Shutting down broker 0 (kafka.controller.KafkaController)
[2017-07-21 10:51:22,357] DEBUG [Controller 0]: All shutting down brokers: 0 (kafka.controller.KafkaController)
[2017-07-21 10:51:22,357] DEBUG [Controller 0]: Live brokers:  (kafka.controller.KafkaController)
[2017-07-21 10:51:22,612] TRACE [Controller 0]: All leaders =  (kafka.controller.KafkaController)
[2017-07-21 10:51:26,125] DEBUG [Controller 0]: Controller resigning, broker id 0 (kafka.controller.KafkaController)
[2017-07-21 10:51:26,126] DEBUG [Controller 0]: De-registering IsrChangeNotificationListener (kafka.controller.KafkaController)
[2017-07-21 10:51:26,126] INFO [Partition state machine on Controller 0]: Stopped partition state machine (kafka.controller.PartitionStateMachine)
[2017-07-21 10:51:26,126] INFO [Replica state machine on controller 0]: Stopped replica state machine (kafka.controller.ReplicaStateMachine)
[2017-07-21 10:51:26,127] INFO [Controller-0-to-broker-0-send-thread], Shutting down (kafka.controller.RequestSendThread)
[2017-07-21 10:51:26,127] INFO [Controller-0-to-broker-0-send-thread], Shutdown completed (kafka.controller.RequestSendThread)
[2017-07-21 10:51:26,127] INFO [Controller-0-to-broker-0-send-thread], Stopped  (kafka.controller.RequestSendThread)
[2017-07-21 10:51:26,127] INFO [Controller 0]: Broker 0 resigned as the controller (kafka.controller.KafkaController)
