[2017-07-21 10:09:24,006] INFO [Group Metadata Manager on Broker 0]: Removed 0 expired offsets in 0 milliseconds. (kafka.coordinator.GroupMetadataManager)
[2017-07-21 10:19:24,006] INFO [Group Metadata Manager on Broker 0]: Removed 0 expired offsets in 0 milliseconds. (kafka.coordinator.GroupMetadataManager)
[2017-07-21 10:29:24,007] INFO [Group Metadata Manager on Broker 0]: Removed 0 expired offsets in 0 milliseconds. (kafka.coordinator.GroupMetadataManager)
[2017-07-21 10:39:24,006] INFO [Group Metadata Manager on Broker 0]: Removed 0 expired offsets in 0 milliseconds. (kafka.coordinator.GroupMetadataManager)
[2017-07-21 10:49:24,006] INFO [Group Metadata Manager on Broker 0]: Removed 0 expired offsets in 0 milliseconds. (kafka.coordinator.GroupMetadataManager)
[2017-07-21 10:51:21,445] INFO [Kafka Server 0], shutting down (kafka.server.KafkaServer)
[2017-07-21 10:51:21,589] INFO [Kafka Server 0], Starting controlled shutdown (kafka.server.KafkaServer)
[2017-07-21 10:51:22,781] INFO [Kafka Server 0], Controlled shutdown succeeded (kafka.server.KafkaServer)
[2017-07-21 10:51:22,829] INFO [Socket Server on Broker 0], Shutting down (kafka.network.SocketServer)
[2017-07-21 10:51:23,090] INFO [Socket Server on Broker 0], Shutdown completed (kafka.network.SocketServer)
[2017-07-21 10:51:23,127] INFO [Kafka Request Handler on Broker 0], shutting down (kafka.server.KafkaRequestHandlerPool)
[2017-07-21 10:51:23,173] INFO [Kafka Request Handler on Broker 0], shut down completely (kafka.server.KafkaRequestHandlerPool)
[2017-07-21 10:51:23,225] INFO [ThrottledRequestReaper-Produce], Shutting down (kafka.server.ClientQuotaManager$ThrottledRequestReaper)
[2017-07-21 10:51:23,277] INFO [ThrottledRequestReaper-Produce], Stopped  (kafka.server.ClientQuotaManager$ThrottledRequestReaper)
[2017-07-21 10:51:23,277] INFO [ThrottledRequestReaper-Produce], Shutdown completed (kafka.server.ClientQuotaManager$ThrottledRequestReaper)
[2017-07-21 10:51:23,277] INFO [ThrottledRequestReaper-Fetch], Shutting down (kafka.server.ClientQuotaManager$ThrottledRequestReaper)
[2017-07-21 10:51:24,277] INFO [ThrottledRequestReaper-Fetch], Shutdown completed (kafka.server.ClientQuotaManager$ThrottledRequestReaper)
[2017-07-21 10:51:24,277] INFO [ThrottledRequestReaper-Fetch], Stopped  (kafka.server.ClientQuotaManager$ThrottledRequestReaper)
[2017-07-21 10:51:24,278] INFO [KafkaApi-0] Shutdown complete. (kafka.server.KafkaApis)
[2017-07-21 10:51:24,358] INFO [Replica Manager on Broker 0]: Shutting down (kafka.server.ReplicaManager)
[2017-07-21 10:51:24,424] INFO [ReplicaFetcherManager on broker 0] shutting down (kafka.server.ReplicaFetcherManager)
[2017-07-21 10:51:24,463] INFO [ReplicaFetcherManager on broker 0] shutdown completed (kafka.server.ReplicaFetcherManager)
[2017-07-21 10:51:24,463] INFO [ExpirationReaper-0], Shutting down (kafka.server.DelayedOperationPurgatory$ExpiredOperationReaper)
[2017-07-21 10:51:24,521] INFO [ExpirationReaper-0], Stopped  (kafka.server.DelayedOperationPurgatory$ExpiredOperationReaper)
[2017-07-21 10:51:24,521] INFO [ExpirationReaper-0], Shutdown completed (kafka.server.DelayedOperationPurgatory$ExpiredOperationReaper)
[2017-07-21 10:51:24,521] INFO [ExpirationReaper-0], Shutting down (kafka.server.DelayedOperationPurgatory$ExpiredOperationReaper)
[2017-07-21 10:51:24,721] INFO [ExpirationReaper-0], Stopped  (kafka.server.DelayedOperationPurgatory$ExpiredOperationReaper)
[2017-07-21 10:51:24,721] INFO [ExpirationReaper-0], Shutdown completed (kafka.server.DelayedOperationPurgatory$ExpiredOperationReaper)
[2017-07-21 10:51:24,979] INFO [Replica Manager on Broker 0]: Shut down completely (kafka.server.ReplicaManager)
[2017-07-21 10:51:25,010] INFO Shutting down. (kafka.log.LogManager)
[2017-07-21 10:51:25,780] INFO Shutdown complete. (kafka.log.LogManager)
[2017-07-21 10:51:25,924] INFO [GroupCoordinator 0]: Shutting down. (kafka.coordinator.GroupCoordinator)
[2017-07-21 10:51:25,924] INFO [ExpirationReaper-0], Shutting down (kafka.server.DelayedOperationPurgatory$ExpiredOperationReaper)
[2017-07-21 10:51:26,121] INFO [ExpirationReaper-0], Stopped  (kafka.server.DelayedOperationPurgatory$ExpiredOperationReaper)
[2017-07-21 10:51:26,121] INFO [ExpirationReaper-0], Shutdown completed (kafka.server.DelayedOperationPurgatory$ExpiredOperationReaper)
[2017-07-21 10:51:26,122] INFO [ExpirationReaper-0], Shutting down (kafka.server.DelayedOperationPurgatory$ExpiredOperationReaper)
[2017-07-21 10:51:26,124] INFO [ExpirationReaper-0], Stopped  (kafka.server.DelayedOperationPurgatory$ExpiredOperationReaper)
[2017-07-21 10:51:26,124] INFO [ExpirationReaper-0], Shutdown completed (kafka.server.DelayedOperationPurgatory$ExpiredOperationReaper)
[2017-07-21 10:51:26,125] INFO [GroupCoordinator 0]: Shutdown complete. (kafka.coordinator.GroupCoordinator)
[2017-07-21 10:51:26,128] INFO Terminate ZkClient event thread. (org.I0Itec.zkclient.ZkEventThread)
[2017-07-21 10:51:26,128] INFO Processed session termination for sessionid: 0x15d5fa7ec350001 (org.apache.zookeeper.server.PrepRequestProcessor)
[2017-07-21 10:51:26,331] INFO Session: 0x15d5fa7ec350001 closed (org.apache.zookeeper.ZooKeeper)
[2017-07-21 10:51:26,331] WARN caught end of stream exception (org.apache.zookeeper.server.NIOServerCnxn)
EndOfStreamException: Unable to read additional data from client sessionid 0x15d5fa7ec350001, likely client has closed socket
	at org.apache.zookeeper.server.NIOServerCnxn.doIO(NIOServerCnxn.java:228)
	at org.apache.zookeeper.server.NIOServerCnxnFactory.run(NIOServerCnxnFactory.java:208)
	at java.lang.Thread.run(Thread.java:748)
[2017-07-21 10:51:26,331] INFO EventThread shut down (org.apache.zookeeper.ClientCnxn)
[2017-07-21 10:51:26,331] INFO Closed socket connection for client /127.0.0.1:52420 which had sessionid 0x15d5fa7ec350001 (org.apache.zookeeper.server.NIOServerCnxn)
[2017-07-21 10:51:26,332] INFO [Kafka Server 0], shut down completed (kafka.server.KafkaServer)
[2017-07-21 10:51:26,332] INFO NIOServerCnxn factory exited run method (org.apache.zookeeper.server.NIOServerCnxnFactory)
[2017-07-21 10:51:26,332] INFO shutting down (org.apache.zookeeper.server.ZooKeeperServer)
[2017-07-21 10:51:26,332] INFO shutting down (org.apache.zookeeper.server.ZooKeeperServer)
[2017-07-21 10:51:26,332] INFO Shutting down (org.apache.zookeeper.server.SessionTrackerImpl)
[2017-07-21 10:51:26,333] INFO Shutting down (org.apache.zookeeper.server.SessionTrackerImpl)
[2017-07-21 10:51:26,333] INFO Shutting down (org.apache.zookeeper.server.PrepRequestProcessor)
[2017-07-21 10:51:26,333] INFO Shutting down (org.apache.zookeeper.server.PrepRequestProcessor)
[2017-07-21 10:51:26,333] INFO PrepRequestProcessor exited loop! (org.apache.zookeeper.server.PrepRequestProcessor)
[2017-07-21 10:51:26,333] INFO Shutting down (org.apache.zookeeper.server.SyncRequestProcessor)
[2017-07-21 10:51:26,333] INFO Shutting down (org.apache.zookeeper.server.SyncRequestProcessor)
[2017-07-21 10:51:26,333] INFO SyncRequestProcessor exited! (org.apache.zookeeper.server.SyncRequestProcessor)
[2017-07-21 10:51:26,333] INFO shutdown of request processor complete (org.apache.zookeeper.server.FinalRequestProcessor)
[2017-07-21 10:51:26,333] INFO shutdown of request processor complete (org.apache.zookeeper.server.FinalRequestProcessor)
