2017-07-20 16:31:21,211 [INFO] from events.StudentEventProcessor in ForkJoinPool-1-worker-1 -  aggregateTags method ... 
2017-07-20 16:31:21,893 [INFO] from events.StudentEventProcessor in student-impl-application-akka.actor.default-dispatcher-5 -  buildHandler method ... 
2017-07-20 16:31:31,460 [WARN] from akka.cluster.sharding.ShardRegion in student-impl-application-akka.actor.default-dispatcher-4 - Trying to register to coordinator at [Some(ActorSelection[Anchor(akka://student-impl-application/), Path(/system/sharding/StudentEventProcessorCoordinator/singleton/coordinator)])], but no acknowledgement. Total [1] buffered messages.
2017-07-20 16:31:33,418 [WARN] from akka.cluster.sharding.ShardRegion in student-impl-application-akka.actor.default-dispatcher-6 - Trying to register to coordinator at [Some(ActorSelection[Anchor(akka://student-impl-application/), Path(/system/sharding/StudentEventProcessorCoordinator/singleton/coordinator)])], but no acknowledgement. Total [1] buffered messages.
2017-07-20 16:31:35,419 [WARN] from akka.cluster.sharding.ShardRegion in student-impl-application-akka.actor.default-dispatcher-20 - Trying to register to coordinator at [Some(ActorSelection[Anchor(akka://student-impl-application/), Path(/system/sharding/StudentEventProcessorCoordinator/singleton/coordinator)])], but no acknowledgement. Total [1] buffered messages.
2017-07-20 16:31:37,054 [ERROR] from akka.cluster.sharding.PersistentShardCoordinator in student-impl-application-akka.actor.default-dispatcher-6 - Persistence failure when replaying events for persistenceId [/sharding/StudentEventProcessorCoordinator]. Last known sequence number [0]
java.util.concurrent.ExecutionException: com.datastax.driver.core.exceptions.OperationTimedOutException: [localhost/127.0.0.1:9042] Timed out waiting for server response
	at com.google.common.util.concurrent.AbstractFuture.getDoneValue(AbstractFuture.java:476) ~[guava-19.0.jar:na]
	at com.google.common.util.concurrent.AbstractFuture.get(AbstractFuture.java:435) ~[guava-19.0.jar:na]
	at akka.persistence.cassandra.package$$anon$1$$anonfun$run$1.apply(package.scala:18) ~[akka-persistence-cassandra_2.11-0.22.jar:na]
	at scala.util.Try$.apply(Try.scala:192) ~[scala-library-2.11.8.jar:na]
	at akka.persistence.cassandra.package$$anon$1.run(package.scala:18) ~[akka-persistence-cassandra_2.11-0.22.jar:na]
	at akka.dispatch.TaskInvocation.run(AbstractDispatcher.scala:39) ~[akka-actor_2.11-2.4.16.jar:na]
	at java.util.concurrent.ThreadPoolExecutor.runWorker(ThreadPoolExecutor.java:1142) ~[na:1.8.0_131]
	at java.util.concurrent.ThreadPoolExecutor$Worker.run(ThreadPoolExecutor.java:617) ~[na:1.8.0_131]
	at java.lang.Thread.run(Thread.java:748) ~[na:1.8.0_131]
Caused by: com.datastax.driver.core.exceptions.OperationTimedOutException: [localhost/127.0.0.1:9042] Timed out waiting for server response
	at com.datastax.driver.core.RequestHandler$SpeculativeExecution.onTimeout(RequestHandler.java:766) ~[cassandra-driver-core-3.1.0.jar:na]
	at com.datastax.driver.core.Connection$ResponseHandler$1.run(Connection.java:1267) ~[cassandra-driver-core-3.1.0.jar:na]
	at io.netty.util.HashedWheelTimer$HashedWheelTimeout.expire(HashedWheelTimer.java:588) ~[netty-common-4.0.41.Final.jar:4.0.41.Final]
	at io.netty.util.HashedWheelTimer$HashedWheelBucket.expireTimeouts(HashedWheelTimer.java:662) ~[netty-common-4.0.41.Final.jar:4.0.41.Final]
	at io.netty.util.HashedWheelTimer$Worker.run(HashedWheelTimer.java:385) ~[netty-common-4.0.41.Final.jar:4.0.41.Final]
	... 1 common frames omitted
2017-07-20 16:31:37,419 [WARN] from akka.cluster.sharding.ShardRegion in student-impl-application-akka.actor.default-dispatcher-20 - Trying to register to coordinator at [Some(ActorSelection[Anchor(akka://student-impl-application/), Path(/system/sharding/StudentEventProcessorCoordinator/singleton/coordinator)])], but no acknowledgement. Total [1] buffered messages.
2017-07-20 16:31:39,420 [WARN] from akka.cluster.sharding.ShardRegion in student-impl-application-akka.actor.default-dispatcher-19 - Trying to register to coordinator at [Some(ActorSelection[Anchor(akka://student-impl-application/), Path(/system/sharding/StudentEventProcessorCoordinator/singleton/coordinator)])], but no acknowledgement. Total [1] buffered messages.
2017-07-20 16:31:41,419 [WARN] from akka.cluster.sharding.ShardRegion in student-impl-application-akka.actor.default-dispatcher-5 - Trying to register to coordinator at [Some(ActorSelection[Anchor(akka://student-impl-application/), Path(/system/sharding/StudentEventProcessorCoordinator/singleton/coordinator)])], but no acknowledgement. Total [1] buffered messages.
2017-07-20 16:31:41,916 [ERROR] from akka.actor.OneForOneStrategy in student-impl-application-akka.actor.default-dispatcher-19 - Ask timed out on [Actor[akka://student-impl-application/user/cassandraOffsetStorePrepare-singleton/singleton/cassandraOffsetStorePrepare#-2121707042]] after [20000 ms]. Sender[Actor[akka://student-impl-application/user/cassandraOffsetStorePrepare-singleton/singleton/cassandraOffsetStorePrepare#-2121707042]] sent message of type "com.lightbend.lagom.internal.persistence.cluster.ClusterStartupTaskActor$Execute$".
akka.pattern.AskTimeoutException: Ask timed out on [Actor[akka://student-impl-application/user/cassandraOffsetStorePrepare-singleton/singleton/cassandraOffsetStorePrepare#-2121707042]] after [20000 ms]. Sender[Actor[akka://student-impl-application/user/cassandraOffsetStorePrepare-singleton/singleton/cassandraOffsetStorePrepare#-2121707042]] sent message of type "com.lightbend.lagom.internal.persistence.cluster.ClusterStartupTaskActor$Execute$".
	at akka.pattern.PromiseActorRef$$anonfun$1.apply$mcV$sp(AskSupport.scala:604) ~[akka-actor_2.11-2.4.16.jar:na]
	at akka.actor.Scheduler$$anon$4.run(Scheduler.scala:126) ~[akka-actor_2.11-2.4.16.jar:na]
	at scala.concurrent.Future$InternalCallbackExecutor$.unbatchedExecute(Future.scala:601) ~[scala-library-2.11.8.jar:na]
	at scala.concurrent.BatchingExecutor$class.execute(BatchingExecutor.scala:109) ~[scala-library-2.11.8.jar:na]
	at scala.concurrent.Future$InternalCallbackExecutor$.execute(Future.scala:599) ~[scala-library-2.11.8.jar:na]
	at akka.actor.LightArrayRevolverScheduler$TaskHolder.executeTask(LightArrayRevolverScheduler.scala:329) ~[akka-actor_2.11-2.4.16.jar:na]
	at akka.actor.LightArrayRevolverScheduler$$anon$4.executeBucket$1(LightArrayRevolverScheduler.scala:280) ~[akka-actor_2.11-2.4.16.jar:na]
	at akka.actor.LightArrayRevolverScheduler$$anon$4.nextTick(LightArrayRevolverScheduler.scala:284) ~[akka-actor_2.11-2.4.16.jar:na]
	at akka.actor.LightArrayRevolverScheduler$$anon$4.run(LightArrayRevolverScheduler.scala:236) ~[akka-actor_2.11-2.4.16.jar:na]
	at java.lang.Thread.run(Thread.java:748) ~[na:1.8.0_131]
2017-07-20 16:31:41,920 [ERROR] from akka.actor.OneForOneStrategy in student-impl-application-akka.actor.default-dispatcher-19 - Ask timed out on [Actor[akka://student-impl-application/user/readSideGlobalPrepare-StudentEventProcessor-singleton/singleton/readSideGlobalPrepare-StudentEventProcessor#-1468073232]] after [20000 ms]. Sender[Actor[akka://student-impl-application/user/readSideGlobalPrepare-StudentEventProcessor-singleton/singleton/readSideGlobalPrepare-StudentEventProcessor#-1468073232]] sent message of type "com.lightbend.lagom.internal.persistence.cluster.ClusterStartupTaskActor$Execute$".
akka.pattern.AskTimeoutException: Ask timed out on [Actor[akka://student-impl-application/user/readSideGlobalPrepare-StudentEventProcessor-singleton/singleton/readSideGlobalPrepare-StudentEventProcessor#-1468073232]] after [20000 ms]. Sender[Actor[akka://student-impl-application/user/readSideGlobalPrepare-StudentEventProcessor-singleton/singleton/readSideGlobalPrepare-StudentEventProcessor#-1468073232]] sent message of type "com.lightbend.lagom.internal.persistence.cluster.ClusterStartupTaskActor$Execute$".
	at akka.pattern.PromiseActorRef$$anonfun$1.apply$mcV$sp(AskSupport.scala:604) ~[akka-actor_2.11-2.4.16.jar:na]
	at akka.actor.Scheduler$$anon$4.run(Scheduler.scala:126) ~[akka-actor_2.11-2.4.16.jar:na]
	at scala.concurrent.Future$InternalCallbackExecutor$.unbatchedExecute(Future.scala:601) ~[scala-library-2.11.8.jar:na]
	at scala.concurrent.BatchingExecutor$class.execute(BatchingExecutor.scala:109) ~[scala-library-2.11.8.jar:na]
	at scala.concurrent.Future$InternalCallbackExecutor$.execute(Future.scala:599) ~[scala-library-2.11.8.jar:na]
	at akka.actor.LightArrayRevolverScheduler$TaskHolder.executeTask(LightArrayRevolverScheduler.scala:329) ~[akka-actor_2.11-2.4.16.jar:na]
	at akka.actor.LightArrayRevolverScheduler$$anon$4.executeBucket$1(LightArrayRevolverScheduler.scala:280) ~[akka-actor_2.11-2.4.16.jar:na]
	at akka.actor.LightArrayRevolverScheduler$$anon$4.nextTick(LightArrayRevolverScheduler.scala:284) ~[akka-actor_2.11-2.4.16.jar:na]
	at akka.actor.LightArrayRevolverScheduler$$anon$4.run(LightArrayRevolverScheduler.scala:236) ~[akka-actor_2.11-2.4.16.jar:na]
	at java.lang.Thread.run(Thread.java:748) ~[na:1.8.0_131]
2017-07-20 16:31:42,310 [ERROR] from akka.cluster.sharding.PersistentShardCoordinator in student-impl-application-akka.actor.default-dispatcher-5 - Persistence failure when replaying events for persistenceId [/sharding/StudentEntityCoordinator]. Last known sequence number [0]
akka.pattern.CircuitBreaker$$anon$1: Circuit Breaker Timed out.
2017-07-20 16:31:43,419 [WARN] from akka.cluster.sharding.ShardRegion in student-impl-application-akka.actor.default-dispatcher-5 - Trying to register to coordinator at [Some(ActorSelection[Anchor(akka://student-impl-application/), Path(/system/sharding/StudentEventProcessorCoordinator/singleton/coordinator)])], but no acknowledgement. Total [1] buffered messages.
2017-07-20 16:31:45,310 [INFO] from events.StudentEventProcessor in student-impl-application-akka.actor.default-dispatcher-5 -  buildHandler method ... 
2017-07-20 16:31:45,418 [WARN] from akka.cluster.sharding.ShardRegion in student-impl-application-akka.actor.default-dispatcher-20 - Trying to register to coordinator at [Some(ActorSelection[Anchor(akka://student-impl-application/), Path(/system/sharding/StudentEventProcessorCoordinator/singleton/coordinator)])], but no acknowledgement. Total [1] buffered messages.
2017-07-20 16:31:47,419 [WARN] from akka.cluster.sharding.ShardRegion in student-impl-application-akka.actor.default-dispatcher-20 - Trying to register to coordinator at [Some(ActorSelection[Anchor(akka://student-impl-application/), Path(/system/sharding/StudentEventProcessorCoordinator/singleton/coordinator)])], but no acknowledgement. Total [1] buffered messages.
2017-07-20 16:31:49,419 [WARN] from akka.cluster.sharding.ShardRegion in student-impl-application-akka.actor.default-dispatcher-4 - Trying to register to coordinator at [Some(ActorSelection[Anchor(akka://student-impl-application/), Path(/system/sharding/StudentEventProcessorCoordinator/singleton/coordinator)])], but no acknowledgement. Total [1] buffered messages.
2017-07-20 16:31:51,420 [WARN] from akka.cluster.sharding.ShardRegion in student-impl-application-akka.actor.default-dispatcher-20 - Trying to register to coordinator at [Some(ActorSelection[Anchor(akka://student-impl-application/), Path(/system/sharding/StudentEventProcessorCoordinator/singleton/coordinator)])], but no acknowledgement. Total [2] buffered messages.
2017-07-20 16:31:53,419 [WARN] from akka.cluster.sharding.ShardRegion in student-impl-application-akka.actor.default-dispatcher-19 - Trying to register to coordinator at [Some(ActorSelection[Anchor(akka://student-impl-application/), Path(/system/sharding/StudentEventProcessorCoordinator/singleton/coordinator)])], but no acknowledgement. Total [2] buffered messages.
2017-07-20 16:31:54,914 [ERROR] from akka.actor.OneForOneStrategy in student-impl-application-akka.actor.default-dispatcher-20 - com.datastax.driver.core.exceptions.ServerError: An unexpected error occurred server side on localhost/127.0.0.1:9042: java.lang.RuntimeException: java.util.concurrent.ExecutionException: org.apache.cassandra.exceptions.ConfigurationException: Column family ID mismatch (found d1c77510-6d3a-11e7-bee8-8fb59f012558; expected ccac8ac0-6d3a-11e7-bee8-8fb59f012558)
java.util.concurrent.ExecutionException: com.datastax.driver.core.exceptions.ServerError: An unexpected error occurred server side on localhost/127.0.0.1:9042: java.lang.RuntimeException: java.util.concurrent.ExecutionException: org.apache.cassandra.exceptions.ConfigurationException: Column family ID mismatch (found d1c77510-6d3a-11e7-bee8-8fb59f012558; expected ccac8ac0-6d3a-11e7-bee8-8fb59f012558)
	at com.google.common.util.concurrent.AbstractFuture.getDoneValue(AbstractFuture.java:476) ~[guava-19.0.jar:na]
	at com.google.common.util.concurrent.AbstractFuture.get(AbstractFuture.java:435) ~[guava-19.0.jar:na]
	at akka.persistence.cassandra.package$ListenableFutureConverter$$anon$2$$anonfun$run$2.apply(package.scala:25) ~[akka-persistence-cassandra_2.11-0.22.jar:na]
	at scala.util.Try$.apply(Try.scala:192) ~[scala-library-2.11.8.jar:na]
	at akka.persistence.cassandra.package$ListenableFutureConverter$$anon$2.run(package.scala:25) ~[akka-persistence-cassandra_2.11-0.22.jar:na]
	at akka.dispatch.TaskInvocation.run(AbstractDispatcher.scala:39) ~[akka-actor_2.11-2.4.16.jar:na]
	at java.util.concurrent.ThreadPoolExecutor.runWorker(ThreadPoolExecutor.java:1142) ~[na:1.8.0_131]
	at java.util.concurrent.ThreadPoolExecutor$Worker.run(ThreadPoolExecutor.java:617) ~[na:1.8.0_131]
	at java.lang.Thread.run(Thread.java:748) ~[na:1.8.0_131]
Caused by: com.datastax.driver.core.exceptions.ServerError: An unexpected error occurred server side on localhost/127.0.0.1:9042: java.lang.RuntimeException: java.util.concurrent.ExecutionException: org.apache.cassandra.exceptions.ConfigurationException: Column family ID mismatch (found d1c77510-6d3a-11e7-bee8-8fb59f012558; expected ccac8ac0-6d3a-11e7-bee8-8fb59f012558)
	at com.datastax.driver.core.Responses$Error.asException(Responses.java:108) ~[cassandra-driver-core-3.1.0.jar:na]
	at com.datastax.driver.core.RequestHandler$SpeculativeExecution.onSet(RequestHandler.java:500) ~[cassandra-driver-core-3.1.0.jar:na]
	at com.datastax.driver.core.Connection$Dispatcher.channelRead0(Connection.java:1012) ~[cassandra-driver-core-3.1.0.jar:na]
	at com.datastax.driver.core.Connection$Dispatcher.channelRead0(Connection.java:935) ~[cassandra-driver-core-3.1.0.jar:na]
	at io.netty.channel.SimpleChannelInboundHandler.channelRead(SimpleChannelInboundHandler.java:105) ~[netty-transport-4.0.41.Final.jar:4.0.41.Final]
	at io.netty.channel.AbstractChannelHandlerContext.invokeChannelRead(AbstractChannelHandlerContext.java:366) ~[netty-transport-4.0.41.Final.jar:4.0.41.Final]
	at io.netty.channel.AbstractChannelHandlerContext.invokeChannelRead(AbstractChannelHandlerContext.java:352) ~[netty-transport-4.0.41.Final.jar:4.0.41.Final]
	at io.netty.channel.AbstractChannelHandlerContext.fireChannelRead(AbstractChannelHandlerContext.java:345) ~[netty-transport-4.0.41.Final.jar:4.0.41.Final]
	at io.netty.handler.timeout.IdleStateHandler.channelRead(IdleStateHandler.java:266) ~[netty-handler-4.0.41.Final.jar:4.0.41.Final]
	at io.netty.channel.AbstractChannelHandlerContext.invokeChannelRead(AbstractChannelHandlerContext.java:366) ~[netty-transport-4.0.41.Final.jar:4.0.41.Final]
	at io.netty.channel.AbstractChannelHandlerContext.invokeChannelRead(AbstractChannelHandlerContext.java:352) ~[netty-transport-4.0.41.Final.jar:4.0.41.Final]
	at io.netty.channel.AbstractChannelHandlerContext.fireChannelRead(AbstractChannelHandlerContext.java:345) ~[netty-transport-4.0.41.Final.jar:4.0.41.Final]
	at io.netty.handler.codec.MessageToMessageDecoder.channelRead(MessageToMessageDecoder.java:102) ~[netty-codec-4.0.41.Final.jar:4.0.41.Final]
	at io.netty.channel.AbstractChannelHandlerContext.invokeChannelRead(AbstractChannelHandlerContext.java:366) ~[netty-transport-4.0.41.Final.jar:4.0.41.Final]
	at io.netty.channel.AbstractChannelHandlerContext.invokeChannelRead(AbstractChannelHandlerContext.java:352) ~[netty-transport-4.0.41.Final.jar:4.0.41.Final]
	at io.netty.channel.AbstractChannelHandlerContext.fireChannelRead(AbstractChannelHandlerContext.java:345) ~[netty-transport-4.0.41.Final.jar:4.0.41.Final]
	at io.netty.handler.codec.ByteToMessageDecoder.fireChannelRead(ByteToMessageDecoder.java:293) ~[netty-codec-4.0.41.Final.jar:4.0.41.Final]
	at io.netty.handler.codec.ByteToMessageDecoder.channelRead(ByteToMessageDecoder.java:267) ~[netty-codec-4.0.41.Final.jar:4.0.41.Final]
	at io.netty.channel.AbstractChannelHandlerContext.invokeChannelRead(AbstractChannelHandlerContext.java:366) ~[netty-transport-4.0.41.Final.jar:4.0.41.Final]
	at io.netty.channel.AbstractChannelHandlerContext.invokeChannelRead(AbstractChannelHandlerContext.java:352) ~[netty-transport-4.0.41.Final.jar:4.0.41.Final]
	at io.netty.channel.AbstractChannelHandlerContext.fireChannelRead(AbstractChannelHandlerContext.java:345) ~[netty-transport-4.0.41.Final.jar:4.0.41.Final]
	at io.netty.channel.DefaultChannelPipeline$HeadContext.channelRead(DefaultChannelPipeline.java:1294) ~[netty-transport-4.0.41.Final.jar:4.0.41.Final]
	at io.netty.channel.AbstractChannelHandlerContext.invokeChannelRead(AbstractChannelHandlerContext.java:366) ~[netty-transport-4.0.41.Final.jar:4.0.41.Final]
	at io.netty.channel.AbstractChannelHandlerContext.invokeChannelRead(AbstractChannelHandlerContext.java:352) ~[netty-transport-4.0.41.Final.jar:4.0.41.Final]
	at io.netty.channel.DefaultChannelPipeline.fireChannelRead(DefaultChannelPipeline.java:911) ~[netty-transport-4.0.41.Final.jar:4.0.41.Final]
	at io.netty.channel.epoll.AbstractEpollStreamChannel$EpollStreamUnsafe.epollInReady(AbstractEpollStreamChannel.java:888) ~[netty-transport-native-epoll-4.0.41.Final-linux-x86_64.jar:4.0.41.Final]
	at io.netty.channel.epoll.EpollEventLoop.processReady(EpollEventLoop.java:389) ~[netty-transport-native-epoll-4.0.41.Final-linux-x86_64.jar:4.0.41.Final]
	at io.netty.channel.epoll.EpollEventLoop.run(EpollEventLoop.java:305) ~[netty-transport-native-epoll-4.0.41.Final-linux-x86_64.jar:4.0.41.Final]
	at io.netty.util.concurrent.SingleThreadEventExecutor$2.run(SingleThreadEventExecutor.java:140) ~[netty-common-4.0.41.Final.jar:4.0.41.Final]
	... 1 common frames omitted
2017-07-20 16:31:54,916 [ERROR] from akka.actor.OneForOneStrategy in student-impl-application-akka.actor.default-dispatcher-20 - com.datastax.driver.core.exceptions.TransportException: [localhost/127.0.0.1:9042] Connection has been closed
java.util.concurrent.ExecutionException: com.datastax.driver.core.exceptions.TransportException: [localhost/127.0.0.1:9042] Connection has been closed
	at com.google.common.util.concurrent.AbstractFuture.getDoneValue(AbstractFuture.java:476) ~[guava-19.0.jar:na]
	at com.google.common.util.concurrent.AbstractFuture.get(AbstractFuture.java:435) ~[guava-19.0.jar:na]
	at akka.persistence.cassandra.package$ListenableFutureConverter$$anon$2$$anonfun$run$2.apply(package.scala:25) ~[akka-persistence-cassandra_2.11-0.22.jar:na]
	at scala.util.Try$.apply(Try.scala:192) ~[scala-library-2.11.8.jar:na]
	at akka.persistence.cassandra.package$ListenableFutureConverter$$anon$2.run(package.scala:25) ~[akka-persistence-cassandra_2.11-0.22.jar:na]
	at akka.dispatch.TaskInvocation.run(AbstractDispatcher.scala:39) ~[akka-actor_2.11-2.4.16.jar:na]
	at java.util.concurrent.ThreadPoolExecutor.runWorker(ThreadPoolExecutor.java:1142) ~[na:1.8.0_131]
	at java.util.concurrent.ThreadPoolExecutor$Worker.run(ThreadPoolExecutor.java:617) ~[na:1.8.0_131]
	at java.lang.Thread.run(Thread.java:748) ~[na:1.8.0_131]
Caused by: com.datastax.driver.core.exceptions.TransportException: [localhost/127.0.0.1:9042] Connection has been closed
	at com.datastax.driver.core.Connection$ConnectionCloseFuture.force(Connection.java:1131) ~[cassandra-driver-core-3.1.0.jar:na]
	at com.datastax.driver.core.Connection$ConnectionCloseFuture.force(Connection.java:1116) ~[cassandra-driver-core-3.1.0.jar:na]
	at com.datastax.driver.core.Connection.defunct(Connection.java:424) ~[cassandra-driver-core-3.1.0.jar:na]
	at com.datastax.driver.core.RequestHandler$SpeculativeExecution.onSet(RequestHandler.java:573) ~[cassandra-driver-core-3.1.0.jar:na]
	at com.datastax.driver.core.Connection$Dispatcher.channelRead0(Connection.java:1012) ~[cassandra-driver-core-3.1.0.jar:na]
	at com.datastax.driver.core.Connection$Dispatcher.channelRead0(Connection.java:935) ~[cassandra-driver-core-3.1.0.jar:na]
	at io.netty.channel.SimpleChannelInboundHandler.channelRead(SimpleChannelInboundHandler.java:105) ~[netty-transport-4.0.41.Final.jar:4.0.41.Final]
	at io.netty.channel.AbstractChannelHandlerContext.invokeChannelRead(AbstractChannelHandlerContext.java:366) ~[netty-transport-4.0.41.Final.jar:4.0.41.Final]
	at io.netty.channel.AbstractChannelHandlerContext.invokeChannelRead(AbstractChannelHandlerContext.java:352) ~[netty-transport-4.0.41.Final.jar:4.0.41.Final]
	at io.netty.channel.AbstractChannelHandlerContext.fireChannelRead(AbstractChannelHandlerContext.java:345) ~[netty-transport-4.0.41.Final.jar:4.0.41.Final]
	at io.netty.handler.timeout.IdleStateHandler.channelRead(IdleStateHandler.java:266) ~[netty-handler-4.0.41.Final.jar:4.0.41.Final]
	at io.netty.channel.AbstractChannelHandlerContext.invokeChannelRead(AbstractChannelHandlerContext.java:366) ~[netty-transport-4.0.41.Final.jar:4.0.41.Final]
	at io.netty.channel.AbstractChannelHandlerContext.invokeChannelRead(AbstractChannelHandlerContext.java:352) ~[netty-transport-4.0.41.Final.jar:4.0.41.Final]
	at io.netty.channel.AbstractChannelHandlerContext.fireChannelRead(AbstractChannelHandlerContext.java:345) ~[netty-transport-4.0.41.Final.jar:4.0.41.Final]
	at io.netty.handler.codec.MessageToMessageDecoder.channelRead(MessageToMessageDecoder.java:102) ~[netty-codec-4.0.41.Final.jar:4.0.41.Final]
	at io.netty.channel.AbstractChannelHandlerContext.invokeChannelRead(AbstractChannelHandlerContext.java:366) ~[netty-transport-4.0.41.Final.jar:4.0.41.Final]
	at io.netty.channel.AbstractChannelHandlerContext.invokeChannelRead(AbstractChannelHandlerContext.java:352) ~[netty-transport-4.0.41.Final.jar:4.0.41.Final]
	at io.netty.channel.AbstractChannelHandlerContext.fireChannelRead(AbstractChannelHandlerContext.java:345) ~[netty-transport-4.0.41.Final.jar:4.0.41.Final]
	at io.netty.handler.codec.ByteToMessageDecoder.fireChannelRead(ByteToMessageDecoder.java:293) ~[netty-codec-4.0.41.Final.jar:4.0.41.Final]
	at io.netty.handler.codec.ByteToMessageDecoder.channelRead(ByteToMessageDecoder.java:267) ~[netty-codec-4.0.41.Final.jar:4.0.41.Final]
	at io.netty.channel.AbstractChannelHandlerContext.invokeChannelRead(AbstractChannelHandlerContext.java:366) ~[netty-transport-4.0.41.Final.jar:4.0.41.Final]
	at io.netty.channel.AbstractChannelHandlerContext.invokeChannelRead(AbstractChannelHandlerContext.java:352) ~[netty-transport-4.0.41.Final.jar:4.0.41.Final]
	at io.netty.channel.AbstractChannelHandlerContext.fireChannelRead(AbstractChannelHandlerContext.java:345) ~[netty-transport-4.0.41.Final.jar:4.0.41.Final]
	at io.netty.channel.DefaultChannelPipeline$HeadContext.channelRead(DefaultChannelPipeline.java:1294) ~[netty-transport-4.0.41.Final.jar:4.0.41.Final]
	at io.netty.channel.AbstractChannelHandlerContext.invokeChannelRead(AbstractChannelHandlerContext.java:366) ~[netty-transport-4.0.41.Final.jar:4.0.41.Final]
	at io.netty.channel.AbstractChannelHandlerContext.invokeChannelRead(AbstractChannelHandlerContext.java:352) ~[netty-transport-4.0.41.Final.jar:4.0.41.Final]
	at io.netty.channel.DefaultChannelPipeline.fireChannelRead(DefaultChannelPipeline.java:911) ~[netty-transport-4.0.41.Final.jar:4.0.41.Final]
	at io.netty.channel.epoll.AbstractEpollStreamChannel$EpollStreamUnsafe.epollInReady(AbstractEpollStreamChannel.java:888) ~[netty-transport-native-epoll-4.0.41.Final-linux-x86_64.jar:4.0.41.Final]
	at io.netty.channel.epoll.EpollEventLoop.processReady(EpollEventLoop.java:389) ~[netty-transport-native-epoll-4.0.41.Final-linux-x86_64.jar:4.0.41.Final]
	at io.netty.channel.epoll.EpollEventLoop.run(EpollEventLoop.java:305) ~[netty-transport-native-epoll-4.0.41.Final-linux-x86_64.jar:4.0.41.Final]
	at io.netty.util.concurrent.SingleThreadEventExecutor$2.run(SingleThreadEventExecutor.java:140) ~[netty-common-4.0.41.Final.jar:4.0.41.Final]
	... 1 common frames omitted
2017-07-20 16:31:55,419 [WARN] from akka.cluster.sharding.ShardRegion in student-impl-application-akka.actor.default-dispatcher-20 - Trying to register to coordinator at [Some(ActorSelection[Anchor(akka://student-impl-application/), Path(/system/sharding/StudentEventProcessorCoordinator/singleton/coordinator)])], but no acknowledgement. Total [2] buffered messages.
2017-07-20 16:31:57,419 [WARN] from akka.cluster.sharding.ShardRegion in student-impl-application-akka.actor.default-dispatcher-3 - Trying to register to coordinator at [Some(ActorSelection[Anchor(akka://student-impl-application/), Path(/system/sharding/StudentEventProcessorCoordinator/singleton/coordinator)])], but no acknowledgement. Total [2] buffered messages.
2017-07-20 16:31:58,046 [ERROR] from akka.actor.OneForOneStrategy in student-impl-application-akka.actor.default-dispatcher-4 - com.datastax.driver.core.exceptions.NoHostAvailableException: All host(s) tried for query failed (tried: localhost/127.0.0.1:9042 (com.datastax.driver.core.exceptions.DriverException: Timeout while trying to acquire available connection (you may want to increase the driver number of per-host connections)))
java.util.concurrent.ExecutionException: com.datastax.driver.core.exceptions.NoHostAvailableException: All host(s) tried for query failed (tried: localhost/127.0.0.1:9042 (com.datastax.driver.core.exceptions.DriverException: Timeout while trying to acquire available connection (you may want to increase the driver number of per-host connections)))
	at com.google.common.util.concurrent.AbstractFuture.getDoneValue(AbstractFuture.java:476) ~[guava-19.0.jar:na]
	at com.google.common.util.concurrent.AbstractFuture.get(AbstractFuture.java:435) ~[guava-19.0.jar:na]
	at akka.persistence.cassandra.package$ListenableFutureConverter$$anon$2$$anonfun$run$2.apply(package.scala:25) ~[akka-persistence-cassandra_2.11-0.22.jar:na]
	at scala.util.Try$.apply(Try.scala:192) ~[scala-library-2.11.8.jar:na]
	at akka.persistence.cassandra.package$ListenableFutureConverter$$anon$2.run(package.scala:25) ~[akka-persistence-cassandra_2.11-0.22.jar:na]
	at akka.dispatch.TaskInvocation.run(AbstractDispatcher.scala:39) ~[akka-actor_2.11-2.4.16.jar:na]
	at java.util.concurrent.ThreadPoolExecutor.runWorker(ThreadPoolExecutor.java:1142) ~[na:1.8.0_131]
	at java.util.concurrent.ThreadPoolExecutor$Worker.run(ThreadPoolExecutor.java:617) ~[na:1.8.0_131]
	at java.lang.Thread.run(Thread.java:748) ~[na:1.8.0_131]
Caused by: com.datastax.driver.core.exceptions.NoHostAvailableException: All host(s) tried for query failed (tried: localhost/127.0.0.1:9042 (com.datastax.driver.core.exceptions.DriverException: Timeout while trying to acquire available connection (you may want to increase the driver number of per-host connections)))
	at com.datastax.driver.core.RequestHandler.reportNoMoreHosts(RequestHandler.java:208) ~[cassandra-driver-core-3.1.0.jar:na]
	at com.datastax.driver.core.RequestHandler.access$1000(RequestHandler.java:43) ~[cassandra-driver-core-3.1.0.jar:na]
	at com.datastax.driver.core.RequestHandler$SpeculativeExecution.sendRequest(RequestHandler.java:274) ~[cassandra-driver-core-3.1.0.jar:na]
	at com.datastax.driver.core.RequestHandler.startNewExecution(RequestHandler.java:112) ~[cassandra-driver-core-3.1.0.jar:na]
	at com.datastax.driver.core.RequestHandler.sendRequest(RequestHandler.java:92) ~[cassandra-driver-core-3.1.0.jar:na]
	at com.datastax.driver.core.SessionManager.executeAsync(SessionManager.java:136) ~[cassandra-driver-core-3.1.0.jar:na]
	at com.datastax.driver.core.AbstractSession.executeAsync(AbstractSession.java:72) ~[cassandra-driver-core-3.1.0.jar:na]
	at akka.persistence.cassandra.session.scaladsl.CassandraSession$$anonfun$executeCreateTable$1.apply(CassandraSession.scala:216) ~[akka-persistence-cassandra_2.11-0.22.jar:na]
	at akka.persistence.cassandra.session.scaladsl.CassandraSession$$anonfun$executeCreateTable$1.apply(CassandraSession.scala:215) ~[akka-persistence-cassandra_2.11-0.22.jar:na]
	at scala.concurrent.Future$$anonfun$flatMap$1.apply(Future.scala:253) ~[scala-library-2.11.8.jar:na]
	at scala.concurrent.Future$$anonfun$flatMap$1.apply(Future.scala:251) ~[scala-library-2.11.8.jar:na]
	at scala.concurrent.impl.CallbackRunnable.run(Promise.scala:32) ~[scala-library-2.11.8.jar:na]
	at akka.dispatch.BatchingExecutor$AbstractBatch.processBatch(BatchingExecutor.scala:55) ~[akka-actor_2.11-2.4.16.jar:na]
	at akka.dispatch.BatchingExecutor$BlockableBatch$$anonfun$run$1.apply$mcV$sp(BatchingExecutor.scala:91) ~[akka-actor_2.11-2.4.16.jar:na]
	at akka.dispatch.BatchingExecutor$BlockableBatch$$anonfun$run$1.apply(BatchingExecutor.scala:91) ~[akka-actor_2.11-2.4.16.jar:na]
	at akka.dispatch.BatchingExecutor$BlockableBatch$$anonfun$run$1.apply(BatchingExecutor.scala:91) ~[akka-actor_2.11-2.4.16.jar:na]
	at scala.concurrent.BlockContext$.withBlockContext(BlockContext.scala:72) ~[scala-library-2.11.8.jar:na]
	at akka.dispatch.BatchingExecutor$BlockableBatch.run(BatchingExecutor.scala:90) ~[akka-actor_2.11-2.4.16.jar:na]
	... 4 common frames omitted
2017-07-20 16:31:58,439 [INFO] from events.StudentEventProcessor in student-impl-application-akka.actor.default-dispatcher-3 -  buildHandler method ... 
2017-07-20 16:31:59,419 [WARN] from akka.cluster.sharding.ShardRegion in student-impl-application-akka.actor.default-dispatcher-5 - Trying to register to coordinator at [Some(ActorSelection[Anchor(akka://student-impl-application/), Path(/system/sharding/StudentEventProcessorCoordinator/singleton/coordinator)])], but no acknowledgement. Total [2] buffered messages.
2017-07-20 16:32:00,766 [ERROR] from akka.cluster.sharding.PersistentShardCoordinator in student-impl-application-akka.actor.default-dispatcher-20 - Persistence failure when replaying events for persistenceId [/sharding/StudentEntityCoordinator]. Last known sequence number [0]
java.util.concurrent.ExecutionException: com.datastax.driver.core.exceptions.ServerError: An unexpected error occurred server side on localhost/127.0.0.1:9042: java.lang.RuntimeException: java.util.concurrent.ExecutionException: org.apache.cassandra.exceptions.ConfigurationException: Column family ID mismatch (found d1ea1840-6d3a-11e7-bee8-8fb59f012558; expected ccad9c30-6d3a-11e7-bee8-8fb59f012558)
	at com.google.common.util.concurrent.AbstractFuture.getDoneValue(AbstractFuture.java:476) ~[guava-19.0.jar:na]
	at com.google.common.util.concurrent.AbstractFuture.get(AbstractFuture.java:435) ~[guava-19.0.jar:na]
	at akka.persistence.cassandra.package$$anon$1$$anonfun$run$1.apply(package.scala:18) ~[akka-persistence-cassandra_2.11-0.22.jar:na]
	at scala.util.Try$.apply(Try.scala:192) ~[scala-library-2.11.8.jar:na]
	at akka.persistence.cassandra.package$$anon$1.run(package.scala:18) ~[akka-persistence-cassandra_2.11-0.22.jar:na]
	at akka.dispatch.TaskInvocation.run(AbstractDispatcher.scala:39) ~[akka-actor_2.11-2.4.16.jar:na]
	at java.util.concurrent.ThreadPoolExecutor.runWorker(ThreadPoolExecutor.java:1142) ~[na:1.8.0_131]
	at java.util.concurrent.ThreadPoolExecutor$Worker.run(ThreadPoolExecutor.java:617) ~[na:1.8.0_131]
	at java.lang.Thread.run(Thread.java:748) ~[na:1.8.0_131]
Caused by: com.datastax.driver.core.exceptions.ServerError: An unexpected error occurred server side on localhost/127.0.0.1:9042: java.lang.RuntimeException: java.util.concurrent.ExecutionException: org.apache.cassandra.exceptions.ConfigurationException: Column family ID mismatch (found d1ea1840-6d3a-11e7-bee8-8fb59f012558; expected ccad9c30-6d3a-11e7-bee8-8fb59f012558)
	at com.datastax.driver.core.Responses$Error.asException(Responses.java:108) ~[cassandra-driver-core-3.1.0.jar:na]
	at com.datastax.driver.core.RequestHandler$SpeculativeExecution.onSet(RequestHandler.java:500) ~[cassandra-driver-core-3.1.0.jar:na]
	at com.datastax.driver.core.Connection$Dispatcher.channelRead0(Connection.java:1012) ~[cassandra-driver-core-3.1.0.jar:na]
	at com.datastax.driver.core.Connection$Dispatcher.channelRead0(Connection.java:935) ~[cassandra-driver-core-3.1.0.jar:na]
	at io.netty.channel.SimpleChannelInboundHandler.channelRead(SimpleChannelInboundHandler.java:105) ~[netty-transport-4.0.41.Final.jar:4.0.41.Final]
	at io.netty.channel.AbstractChannelHandlerContext.invokeChannelRead(AbstractChannelHandlerContext.java:366) ~[netty-transport-4.0.41.Final.jar:4.0.41.Final]
	at io.netty.channel.AbstractChannelHandlerContext.invokeChannelRead(AbstractChannelHandlerContext.java:352) ~[netty-transport-4.0.41.Final.jar:4.0.41.Final]
	at io.netty.channel.AbstractChannelHandlerContext.fireChannelRead(AbstractChannelHandlerContext.java:345) ~[netty-transport-4.0.41.Final.jar:4.0.41.Final]
	at io.netty.handler.timeout.IdleStateHandler.channelRead(IdleStateHandler.java:266) ~[netty-handler-4.0.41.Final.jar:4.0.41.Final]
	at io.netty.channel.AbstractChannelHandlerContext.invokeChannelRead(AbstractChannelHandlerContext.java:366) ~[netty-transport-4.0.41.Final.jar:4.0.41.Final]
	at io.netty.channel.AbstractChannelHandlerContext.invokeChannelRead(AbstractChannelHandlerContext.java:352) ~[netty-transport-4.0.41.Final.jar:4.0.41.Final]
	at io.netty.channel.AbstractChannelHandlerContext.fireChannelRead(AbstractChannelHandlerContext.java:345) ~[netty-transport-4.0.41.Final.jar:4.0.41.Final]
	at io.netty.handler.codec.MessageToMessageDecoder.channelRead(MessageToMessageDecoder.java:102) ~[netty-codec-4.0.41.Final.jar:4.0.41.Final]
	at io.netty.channel.AbstractChannelHandlerContext.invokeChannelRead(AbstractChannelHandlerContext.java:366) ~[netty-transport-4.0.41.Final.jar:4.0.41.Final]
	at io.netty.channel.AbstractChannelHandlerContext.invokeChannelRead(AbstractChannelHandlerContext.java:352) ~[netty-transport-4.0.41.Final.jar:4.0.41.Final]
	at io.netty.channel.AbstractChannelHandlerContext.fireChannelRead(AbstractChannelHandlerContext.java:345) ~[netty-transport-4.0.41.Final.jar:4.0.41.Final]
	at io.netty.handler.codec.ByteToMessageDecoder.fireChannelRead(ByteToMessageDecoder.java:293) ~[netty-codec-4.0.41.Final.jar:4.0.41.Final]
	at io.netty.handler.codec.ByteToMessageDecoder.channelRead(ByteToMessageDecoder.java:267) ~[netty-codec-4.0.41.Final.jar:4.0.41.Final]
	at io.netty.channel.AbstractChannelHandlerContext.invokeChannelRead(AbstractChannelHandlerContext.java:366) ~[netty-transport-4.0.41.Final.jar:4.0.41.Final]
	at io.netty.channel.AbstractChannelHandlerContext.invokeChannelRead(AbstractChannelHandlerContext.java:352) ~[netty-transport-4.0.41.Final.jar:4.0.41.Final]
	at io.netty.channel.AbstractChannelHandlerContext.fireChannelRead(AbstractChannelHandlerContext.java:345) ~[netty-transport-4.0.41.Final.jar:4.0.41.Final]
	at io.netty.channel.DefaultChannelPipeline$HeadContext.channelRead(DefaultChannelPipeline.java:1294) ~[netty-transport-4.0.41.Final.jar:4.0.41.Final]
	at io.netty.channel.AbstractChannelHandlerContext.invokeChannelRead(AbstractChannelHandlerContext.java:366) ~[netty-transport-4.0.41.Final.jar:4.0.41.Final]
	at io.netty.channel.AbstractChannelHandlerContext.invokeChannelRead(AbstractChannelHandlerContext.java:352) ~[netty-transport-4.0.41.Final.jar:4.0.41.Final]
	at io.netty.channel.DefaultChannelPipeline.fireChannelRead(DefaultChannelPipeline.java:911) ~[netty-transport-4.0.41.Final.jar:4.0.41.Final]
	at io.netty.channel.epoll.AbstractEpollStreamChannel$EpollStreamUnsafe.epollInReady(AbstractEpollStreamChannel.java:888) ~[netty-transport-native-epoll-4.0.41.Final-linux-x86_64.jar:4.0.41.Final]
	at io.netty.channel.epoll.EpollEventLoop.processReady(EpollEventLoop.java:389) ~[netty-transport-native-epoll-4.0.41.Final-linux-x86_64.jar:4.0.41.Final]
	at io.netty.channel.epoll.EpollEventLoop.run(EpollEventLoop.java:305) ~[netty-transport-native-epoll-4.0.41.Final-linux-x86_64.jar:4.0.41.Final]
	at io.netty.util.concurrent.SingleThreadEventExecutor$2.run(SingleThreadEventExecutor.java:140) ~[netty-common-4.0.41.Final.jar:4.0.41.Final]
	... 1 common frames omitted
2017-07-20 16:32:00,787 [ERROR] from akka.cluster.sharding.PersistentShardCoordinator in student-impl-application-akka.actor.default-dispatcher-20 - Persistence failure when replaying events for persistenceId [/sharding/StudentEventProcessorCoordinator]. Last known sequence number [0]
java.util.concurrent.ExecutionException: com.datastax.driver.core.exceptions.ServerError: An unexpected error occurred server side on localhost/127.0.0.1:9042: java.lang.RuntimeException: java.util.concurrent.ExecutionException: org.apache.cassandra.exceptions.ConfigurationException: Column family ID mismatch (found d1ea1840-6d3a-11e7-bee8-8fb59f012558; expected ccad9c30-6d3a-11e7-bee8-8fb59f012558)
	at com.google.common.util.concurrent.AbstractFuture.getDoneValue(AbstractFuture.java:476) ~[guava-19.0.jar:na]
	at com.google.common.util.concurrent.AbstractFuture.get(AbstractFuture.java:435) ~[guava-19.0.jar:na]
	at akka.persistence.cassandra.package$$anon$1$$anonfun$run$1.apply(package.scala:18) ~[akka-persistence-cassandra_2.11-0.22.jar:na]
	at scala.util.Try$.apply(Try.scala:192) ~[scala-library-2.11.8.jar:na]
	at akka.persistence.cassandra.package$$anon$1.run(package.scala:18) ~[akka-persistence-cassandra_2.11-0.22.jar:na]
	at akka.dispatch.TaskInvocation.run(AbstractDispatcher.scala:39) ~[akka-actor_2.11-2.4.16.jar:na]
	at java.util.concurrent.ThreadPoolExecutor.runWorker(ThreadPoolExecutor.java:1142) ~[na:1.8.0_131]
	at java.util.concurrent.ThreadPoolExecutor$Worker.run(ThreadPoolExecutor.java:617) ~[na:1.8.0_131]
	at java.lang.Thread.run(Thread.java:748) ~[na:1.8.0_131]
Caused by: com.datastax.driver.core.exceptions.ServerError: An unexpected error occurred server side on localhost/127.0.0.1:9042: java.lang.RuntimeException: java.util.concurrent.ExecutionException: org.apache.cassandra.exceptions.ConfigurationException: Column family ID mismatch (found d1ea1840-6d3a-11e7-bee8-8fb59f012558; expected ccad9c30-6d3a-11e7-bee8-8fb59f012558)
	at com.datastax.driver.core.Responses$Error.asException(Responses.java:108) ~[cassandra-driver-core-3.1.0.jar:na]
	at com.datastax.driver.core.RequestHandler$SpeculativeExecution.onSet(RequestHandler.java:500) ~[cassandra-driver-core-3.1.0.jar:na]
	at com.datastax.driver.core.Connection$Dispatcher.channelRead0(Connection.java:1012) ~[cassandra-driver-core-3.1.0.jar:na]
	at com.datastax.driver.core.Connection$Dispatcher.channelRead0(Connection.java:935) ~[cassandra-driver-core-3.1.0.jar:na]
	at io.netty.channel.SimpleChannelInboundHandler.channelRead(SimpleChannelInboundHandler.java:105) ~[netty-transport-4.0.41.Final.jar:4.0.41.Final]
	at io.netty.channel.AbstractChannelHandlerContext.invokeChannelRead(AbstractChannelHandlerContext.java:366) ~[netty-transport-4.0.41.Final.jar:4.0.41.Final]
	at io.netty.channel.AbstractChannelHandlerContext.invokeChannelRead(AbstractChannelHandlerContext.java:352) ~[netty-transport-4.0.41.Final.jar:4.0.41.Final]
	at io.netty.channel.AbstractChannelHandlerContext.fireChannelRead(AbstractChannelHandlerContext.java:345) ~[netty-transport-4.0.41.Final.jar:4.0.41.Final]
	at io.netty.handler.timeout.IdleStateHandler.channelRead(IdleStateHandler.java:266) ~[netty-handler-4.0.41.Final.jar:4.0.41.Final]
	at io.netty.channel.AbstractChannelHandlerContext.invokeChannelRead(AbstractChannelHandlerContext.java:366) ~[netty-transport-4.0.41.Final.jar:4.0.41.Final]
	at io.netty.channel.AbstractChannelHandlerContext.invokeChannelRead(AbstractChannelHandlerContext.java:352) ~[netty-transport-4.0.41.Final.jar:4.0.41.Final]
	at io.netty.channel.AbstractChannelHandlerContext.fireChannelRead(AbstractChannelHandlerContext.java:345) ~[netty-transport-4.0.41.Final.jar:4.0.41.Final]
	at io.netty.handler.codec.MessageToMessageDecoder.channelRead(MessageToMessageDecoder.java:102) ~[netty-codec-4.0.41.Final.jar:4.0.41.Final]
	at io.netty.channel.AbstractChannelHandlerContext.invokeChannelRead(AbstractChannelHandlerContext.java:366) ~[netty-transport-4.0.41.Final.jar:4.0.41.Final]
	at io.netty.channel.AbstractChannelHandlerContext.invokeChannelRead(AbstractChannelHandlerContext.java:352) ~[netty-transport-4.0.41.Final.jar:4.0.41.Final]
	at io.netty.channel.AbstractChannelHandlerContext.fireChannelRead(AbstractChannelHandlerContext.java:345) ~[netty-transport-4.0.41.Final.jar:4.0.41.Final]
	at io.netty.handler.codec.ByteToMessageDecoder.fireChannelRead(ByteToMessageDecoder.java:293) ~[netty-codec-4.0.41.Final.jar:4.0.41.Final]
	at io.netty.handler.codec.ByteToMessageDecoder.channelRead(ByteToMessageDecoder.java:267) ~[netty-codec-4.0.41.Final.jar:4.0.41.Final]
	at io.netty.channel.AbstractChannelHandlerContext.invokeChannelRead(AbstractChannelHandlerContext.java:366) ~[netty-transport-4.0.41.Final.jar:4.0.41.Final]
	at io.netty.channel.AbstractChannelHandlerContext.invokeChannelRead(AbstractChannelHandlerContext.java:352) ~[netty-transport-4.0.41.Final.jar:4.0.41.Final]
	at io.netty.channel.AbstractChannelHandlerContext.fireChannelRead(AbstractChannelHandlerContext.java:345) ~[netty-transport-4.0.41.Final.jar:4.0.41.Final]
	at io.netty.channel.DefaultChannelPipeline$HeadContext.channelRead(DefaultChannelPipeline.java:1294) ~[netty-transport-4.0.41.Final.jar:4.0.41.Final]
	at io.netty.channel.AbstractChannelHandlerContext.invokeChannelRead(AbstractChannelHandlerContext.java:366) ~[netty-transport-4.0.41.Final.jar:4.0.41.Final]
	at io.netty.channel.AbstractChannelHandlerContext.invokeChannelRead(AbstractChannelHandlerContext.java:352) ~[netty-transport-4.0.41.Final.jar:4.0.41.Final]
	at io.netty.channel.DefaultChannelPipeline.fireChannelRead(DefaultChannelPipeline.java:911) ~[netty-transport-4.0.41.Final.jar:4.0.41.Final]
	at io.netty.channel.epoll.AbstractEpollStreamChannel$EpollStreamUnsafe.epollInReady(AbstractEpollStreamChannel.java:888) ~[netty-transport-native-epoll-4.0.41.Final-linux-x86_64.jar:4.0.41.Final]
	at io.netty.channel.epoll.EpollEventLoop.processReady(EpollEventLoop.java:389) ~[netty-transport-native-epoll-4.0.41.Final-linux-x86_64.jar:4.0.41.Final]
	at io.netty.channel.epoll.EpollEventLoop.run(EpollEventLoop.java:305) ~[netty-transport-native-epoll-4.0.41.Final-linux-x86_64.jar:4.0.41.Final]
	at io.netty.util.concurrent.SingleThreadEventExecutor$2.run(SingleThreadEventExecutor.java:140) ~[netty-common-4.0.41.Final.jar:4.0.41.Final]
	... 1 common frames omitted
2017-07-20 16:32:01,419 [WARN] from akka.cluster.sharding.ShardRegion in student-impl-application-akka.actor.default-dispatcher-5 - Trying to register to coordinator at [Some(ActorSelection[Anchor(akka://student-impl-application/), Path(/system/sharding/StudentEventProcessorCoordinator/singleton/coordinator)])], but no acknowledgement. Total [2] buffered messages.
2017-07-20 16:32:03,419 [WARN] from akka.cluster.sharding.ShardRegion in student-impl-application-akka.actor.default-dispatcher-4 - Trying to register to coordinator at [Some(ActorSelection[Anchor(akka://student-impl-application/), Path(/system/sharding/StudentEventProcessorCoordinator/singleton/coordinator)])], but no acknowledgement. Total [2] buffered messages.
2017-07-20 16:32:05,420 [WARN] from akka.cluster.sharding.ShardRegion in student-impl-application-akka.actor.default-dispatcher-5 - Trying to register to coordinator at [Some(ActorSelection[Anchor(akka://student-impl-application/), Path(/system/sharding/StudentEventProcessorCoordinator/singleton/coordinator)])], but no acknowledgement. Total [2] buffered messages.
2017-07-20 16:32:07,418 [WARN] from akka.cluster.sharding.ShardRegion in student-impl-application-akka.actor.default-dispatcher-4 - Trying to register to coordinator at [Some(ActorSelection[Anchor(akka://student-impl-application/), Path(/system/sharding/StudentEventProcessorCoordinator/singleton/coordinator)])], but no acknowledgement. Total [2] buffered messages.
2017-07-20 16:32:09,419 [WARN] from akka.cluster.sharding.ShardRegion in student-impl-application-akka.actor.default-dispatcher-2 - Trying to register to coordinator at [Some(ActorSelection[Anchor(akka://student-impl-application/), Path(/system/sharding/StudentEventProcessorCoordinator/singleton/coordinator)])], but no acknowledgement. Total [2] buffered messages.
2017-07-20 16:32:11,419 [WARN] from akka.cluster.sharding.ShardRegion in student-impl-application-akka.actor.default-dispatcher-16 - Trying to register to coordinator at [Some(ActorSelection[Anchor(akka://student-impl-application/), Path(/system/sharding/StudentEventProcessorCoordinator/singleton/coordinator)])], but no acknowledgement. Total [2] buffered messages.
2017-07-20 16:32:11,591 [WARN] from akka.persistence.cassandra.journal.CassandraJournal in student-impl-application-akka.actor.default-dispatcher-16 - Failed to connect to Cassandra and initialize. It will be retried on demand. Caused by: com.datastax.driver.core.exceptions.ServerError: An unexpected error occurred server side on localhost/127.0.0.1:9042: java.lang.RuntimeException: java.util.concurrent.ExecutionException: org.apache.cassandra.exceptions.ConfigurationException: Column family ID mismatch (found d1ea1840-6d3a-11e7-bee8-8fb59f012558; expected ccad9c30-6d3a-11e7-bee8-8fb59f012558)
2017-07-20 16:32:11,604 [ERROR] from akka.cluster.sharding.PersistentShardCoordinator in student-impl-application-akka.actor.default-dispatcher-16 - Persistence failure when replaying events for persistenceId [/sharding/StudentEventProcessorCoordinator]. Last known sequence number [0]
java.util.concurrent.ExecutionException: com.datastax.driver.core.exceptions.ServerError: An unexpected error occurred server side on localhost/127.0.0.1:9042: java.lang.RuntimeException: java.util.concurrent.ExecutionException: org.apache.cassandra.exceptions.ConfigurationException: Column family ID mismatch (found d1ea1840-6d3a-11e7-bee8-8fb59f012558; expected ccad9c30-6d3a-11e7-bee8-8fb59f012558)
	at com.google.common.util.concurrent.AbstractFuture.getDoneValue(AbstractFuture.java:476) ~[guava-19.0.jar:na]
	at com.google.common.util.concurrent.AbstractFuture.get(AbstractFuture.java:435) ~[guava-19.0.jar:na]
	at akka.persistence.cassandra.package$$anon$1$$anonfun$run$1.apply(package.scala:18) ~[akka-persistence-cassandra_2.11-0.22.jar:na]
	at scala.util.Try$.apply(Try.scala:192) ~[scala-library-2.11.8.jar:na]
	at akka.persistence.cassandra.package$$anon$1.run(package.scala:18) ~[akka-persistence-cassandra_2.11-0.22.jar:na]
	at akka.dispatch.TaskInvocation.run(AbstractDispatcher.scala:39) ~[akka-actor_2.11-2.4.16.jar:na]
	at java.util.concurrent.ThreadPoolExecutor.runWorker(ThreadPoolExecutor.java:1142) ~[na:1.8.0_131]
	at java.util.concurrent.ThreadPoolExecutor$Worker.run(ThreadPoolExecutor.java:617) ~[na:1.8.0_131]
	at java.lang.Thread.run(Thread.java:748) ~[na:1.8.0_131]
Caused by: com.datastax.driver.core.exceptions.ServerError: An unexpected error occurred server side on localhost/127.0.0.1:9042: java.lang.RuntimeException: java.util.concurrent.ExecutionException: org.apache.cassandra.exceptions.ConfigurationException: Column family ID mismatch (found d1ea1840-6d3a-11e7-bee8-8fb59f012558; expected ccad9c30-6d3a-11e7-bee8-8fb59f012558)
	at com.datastax.driver.core.Responses$Error.asException(Responses.java:108) ~[cassandra-driver-core-3.1.0.jar:na]
	at com.datastax.driver.core.RequestHandler$SpeculativeExecution.onSet(RequestHandler.java:500) ~[cassandra-driver-core-3.1.0.jar:na]
	at com.datastax.driver.core.Connection$Dispatcher.channelRead0(Connection.java:1012) ~[cassandra-driver-core-3.1.0.jar:na]
	at com.datastax.driver.core.Connection$Dispatcher.channelRead0(Connection.java:935) ~[cassandra-driver-core-3.1.0.jar:na]
	at io.netty.channel.SimpleChannelInboundHandler.channelRead(SimpleChannelInboundHandler.java:105) ~[netty-transport-4.0.41.Final.jar:4.0.41.Final]
	at io.netty.channel.AbstractChannelHandlerContext.invokeChannelRead(AbstractChannelHandlerContext.java:366) ~[netty-transport-4.0.41.Final.jar:4.0.41.Final]
	at io.netty.channel.AbstractChannelHandlerContext.invokeChannelRead(AbstractChannelHandlerContext.java:352) ~[netty-transport-4.0.41.Final.jar:4.0.41.Final]
	at io.netty.channel.AbstractChannelHandlerContext.fireChannelRead(AbstractChannelHandlerContext.java:345) ~[netty-transport-4.0.41.Final.jar:4.0.41.Final]
	at io.netty.handler.timeout.IdleStateHandler.channelRead(IdleStateHandler.java:266) ~[netty-handler-4.0.41.Final.jar:4.0.41.Final]
	at io.netty.channel.AbstractChannelHandlerContext.invokeChannelRead(AbstractChannelHandlerContext.java:366) ~[netty-transport-4.0.41.Final.jar:4.0.41.Final]
	at io.netty.channel.AbstractChannelHandlerContext.invokeChannelRead(AbstractChannelHandlerContext.java:352) ~[netty-transport-4.0.41.Final.jar:4.0.41.Final]
	at io.netty.channel.AbstractChannelHandlerContext.fireChannelRead(AbstractChannelHandlerContext.java:345) ~[netty-transport-4.0.41.Final.jar:4.0.41.Final]
	at io.netty.handler.codec.MessageToMessageDecoder.channelRead(MessageToMessageDecoder.java:102) ~[netty-codec-4.0.41.Final.jar:4.0.41.Final]
	at io.netty.channel.AbstractChannelHandlerContext.invokeChannelRead(AbstractChannelHandlerContext.java:366) ~[netty-transport-4.0.41.Final.jar:4.0.41.Final]
	at io.netty.channel.AbstractChannelHandlerContext.invokeChannelRead(AbstractChannelHandlerContext.java:352) ~[netty-transport-4.0.41.Final.jar:4.0.41.Final]
	at io.netty.channel.AbstractChannelHandlerContext.fireChannelRead(AbstractChannelHandlerContext.java:345) ~[netty-transport-4.0.41.Final.jar:4.0.41.Final]
	at io.netty.handler.codec.ByteToMessageDecoder.fireChannelRead(ByteToMessageDecoder.java:293) ~[netty-codec-4.0.41.Final.jar:4.0.41.Final]
	at io.netty.handler.codec.ByteToMessageDecoder.channelRead(ByteToMessageDecoder.java:267) ~[netty-codec-4.0.41.Final.jar:4.0.41.Final]
	at io.netty.channel.AbstractChannelHandlerContext.invokeChannelRead(AbstractChannelHandlerContext.java:366) ~[netty-transport-4.0.41.Final.jar:4.0.41.Final]
	at io.netty.channel.AbstractChannelHandlerContext.invokeChannelRead(AbstractChannelHandlerContext.java:352) ~[netty-transport-4.0.41.Final.jar:4.0.41.Final]
	at io.netty.channel.AbstractChannelHandlerContext.fireChannelRead(AbstractChannelHandlerContext.java:345) ~[netty-transport-4.0.41.Final.jar:4.0.41.Final]
	at io.netty.channel.DefaultChannelPipeline$HeadContext.channelRead(DefaultChannelPipeline.java:1294) ~[netty-transport-4.0.41.Final.jar:4.0.41.Final]
	at io.netty.channel.AbstractChannelHandlerContext.invokeChannelRead(AbstractChannelHandlerContext.java:366) ~[netty-transport-4.0.41.Final.jar:4.0.41.Final]
	at io.netty.channel.AbstractChannelHandlerContext.invokeChannelRead(AbstractChannelHandlerContext.java:352) ~[netty-transport-4.0.41.Final.jar:4.0.41.Final]
	at io.netty.channel.DefaultChannelPipeline.fireChannelRead(DefaultChannelPipeline.java:911) ~[netty-transport-4.0.41.Final.jar:4.0.41.Final]
	at io.netty.channel.epoll.AbstractEpollStreamChannel$EpollStreamUnsafe.epollInReady(AbstractEpollStreamChannel.java:888) ~[netty-transport-native-epoll-4.0.41.Final-linux-x86_64.jar:4.0.41.Final]
	at io.netty.channel.epoll.EpollEventLoop.processReady(EpollEventLoop.java:389) ~[netty-transport-native-epoll-4.0.41.Final-linux-x86_64.jar:4.0.41.Final]
	at io.netty.channel.epoll.EpollEventLoop.run(EpollEventLoop.java:305) ~[netty-transport-native-epoll-4.0.41.Final-linux-x86_64.jar:4.0.41.Final]
	at io.netty.util.concurrent.SingleThreadEventExecutor$2.run(SingleThreadEventExecutor.java:140) ~[netty-common-4.0.41.Final.jar:4.0.41.Final]
	... 1 common frames omitted
2017-07-20 16:32:11,606 [ERROR] from akka.cluster.sharding.PersistentShardCoordinator in student-impl-application-akka.actor.default-dispatcher-16 - Persistence failure when replaying events for persistenceId [/sharding/StudentEntityCoordinator]. Last known sequence number [0]
java.util.concurrent.ExecutionException: com.datastax.driver.core.exceptions.ServerError: An unexpected error occurred server side on localhost/127.0.0.1:9042: java.lang.RuntimeException: java.util.concurrent.ExecutionException: org.apache.cassandra.exceptions.ConfigurationException: Column family ID mismatch (found d1ea1840-6d3a-11e7-bee8-8fb59f012558; expected ccad9c30-6d3a-11e7-bee8-8fb59f012558)
	at com.google.common.util.concurrent.AbstractFuture.getDoneValue(AbstractFuture.java:476) ~[guava-19.0.jar:na]
	at com.google.common.util.concurrent.AbstractFuture.get(AbstractFuture.java:435) ~[guava-19.0.jar:na]
	at akka.persistence.cassandra.package$$anon$1$$anonfun$run$1.apply(package.scala:18) ~[akka-persistence-cassandra_2.11-0.22.jar:na]
	at scala.util.Try$.apply(Try.scala:192) ~[scala-library-2.11.8.jar:na]
	at akka.persistence.cassandra.package$$anon$1.run(package.scala:18) ~[akka-persistence-cassandra_2.11-0.22.jar:na]
	at akka.dispatch.TaskInvocation.run(AbstractDispatcher.scala:39) ~[akka-actor_2.11-2.4.16.jar:na]
	at java.util.concurrent.ThreadPoolExecutor.runWorker(ThreadPoolExecutor.java:1142) ~[na:1.8.0_131]
	at java.util.concurrent.ThreadPoolExecutor$Worker.run(ThreadPoolExecutor.java:617) ~[na:1.8.0_131]
	at java.lang.Thread.run(Thread.java:748) ~[na:1.8.0_131]
Caused by: com.datastax.driver.core.exceptions.ServerError: An unexpected error occurred server side on localhost/127.0.0.1:9042: java.lang.RuntimeException: java.util.concurrent.ExecutionException: org.apache.cassandra.exceptions.ConfigurationException: Column family ID mismatch (found d1ea1840-6d3a-11e7-bee8-8fb59f012558; expected ccad9c30-6d3a-11e7-bee8-8fb59f012558)
	at com.datastax.driver.core.Responses$Error.asException(Responses.java:108) ~[cassandra-driver-core-3.1.0.jar:na]
	at com.datastax.driver.core.RequestHandler$SpeculativeExecution.onSet(RequestHandler.java:500) ~[cassandra-driver-core-3.1.0.jar:na]
	at com.datastax.driver.core.Connection$Dispatcher.channelRead0(Connection.java:1012) ~[cassandra-driver-core-3.1.0.jar:na]
	at com.datastax.driver.core.Connection$Dispatcher.channelRead0(Connection.java:935) ~[cassandra-driver-core-3.1.0.jar:na]
	at io.netty.channel.SimpleChannelInboundHandler.channelRead(SimpleChannelInboundHandler.java:105) ~[netty-transport-4.0.41.Final.jar:4.0.41.Final]
	at io.netty.channel.AbstractChannelHandlerContext.invokeChannelRead(AbstractChannelHandlerContext.java:366) ~[netty-transport-4.0.41.Final.jar:4.0.41.Final]
	at io.netty.channel.AbstractChannelHandlerContext.invokeChannelRead(AbstractChannelHandlerContext.java:352) ~[netty-transport-4.0.41.Final.jar:4.0.41.Final]
	at io.netty.channel.AbstractChannelHandlerContext.fireChannelRead(AbstractChannelHandlerContext.java:345) ~[netty-transport-4.0.41.Final.jar:4.0.41.Final]
	at io.netty.handler.timeout.IdleStateHandler.channelRead(IdleStateHandler.java:266) ~[netty-handler-4.0.41.Final.jar:4.0.41.Final]
	at io.netty.channel.AbstractChannelHandlerContext.invokeChannelRead(AbstractChannelHandlerContext.java:366) ~[netty-transport-4.0.41.Final.jar:4.0.41.Final]
	at io.netty.channel.AbstractChannelHandlerContext.invokeChannelRead(AbstractChannelHandlerContext.java:352) ~[netty-transport-4.0.41.Final.jar:4.0.41.Final]
	at io.netty.channel.AbstractChannelHandlerContext.fireChannelRead(AbstractChannelHandlerContext.java:345) ~[netty-transport-4.0.41.Final.jar:4.0.41.Final]
	at io.netty.handler.codec.MessageToMessageDecoder.channelRead(MessageToMessageDecoder.java:102) ~[netty-codec-4.0.41.Final.jar:4.0.41.Final]
	at io.netty.channel.AbstractChannelHandlerContext.invokeChannelRead(AbstractChannelHandlerContext.java:366) ~[netty-transport-4.0.41.Final.jar:4.0.41.Final]
	at io.netty.channel.AbstractChannelHandlerContext.invokeChannelRead(AbstractChannelHandlerContext.java:352) ~[netty-transport-4.0.41.Final.jar:4.0.41.Final]
	at io.netty.channel.AbstractChannelHandlerContext.fireChannelRead(AbstractChannelHandlerContext.java:345) ~[netty-transport-4.0.41.Final.jar:4.0.41.Final]
	at io.netty.handler.codec.ByteToMessageDecoder.fireChannelRead(ByteToMessageDecoder.java:293) ~[netty-codec-4.0.41.Final.jar:4.0.41.Final]
	at io.netty.handler.codec.ByteToMessageDecoder.channelRead(ByteToMessageDecoder.java:267) ~[netty-codec-4.0.41.Final.jar:4.0.41.Final]
	at io.netty.channel.AbstractChannelHandlerContext.invokeChannelRead(AbstractChannelHandlerContext.java:366) ~[netty-transport-4.0.41.Final.jar:4.0.41.Final]
	at io.netty.channel.AbstractChannelHandlerContext.invokeChannelRead(AbstractChannelHandlerContext.java:352) ~[netty-transport-4.0.41.Final.jar:4.0.41.Final]
	at io.netty.channel.AbstractChannelHandlerContext.fireChannelRead(AbstractChannelHandlerContext.java:345) ~[netty-transport-4.0.41.Final.jar:4.0.41.Final]
	at io.netty.channel.DefaultChannelPipeline$HeadContext.channelRead(DefaultChannelPipeline.java:1294) ~[netty-transport-4.0.41.Final.jar:4.0.41.Final]
	at io.netty.channel.AbstractChannelHandlerContext.invokeChannelRead(AbstractChannelHandlerContext.java:366) ~[netty-transport-4.0.41.Final.jar:4.0.41.Final]
	at io.netty.channel.AbstractChannelHandlerContext.invokeChannelRead(AbstractChannelHandlerContext.java:352) ~[netty-transport-4.0.41.Final.jar:4.0.41.Final]
	at io.netty.channel.DefaultChannelPipeline.fireChannelRead(DefaultChannelPipeline.java:911) ~[netty-transport-4.0.41.Final.jar:4.0.41.Final]
	at io.netty.channel.epoll.AbstractEpollStreamChannel$EpollStreamUnsafe.epollInReady(AbstractEpollStreamChannel.java:888) ~[netty-transport-native-epoll-4.0.41.Final-linux-x86_64.jar:4.0.41.Final]
	at io.netty.channel.epoll.EpollEventLoop.processReady(EpollEventLoop.java:389) ~[netty-transport-native-epoll-4.0.41.Final-linux-x86_64.jar:4.0.41.Final]
	at io.netty.channel.epoll.EpollEventLoop.run(EpollEventLoop.java:305) ~[netty-transport-native-epoll-4.0.41.Final-linux-x86_64.jar:4.0.41.Final]
	at io.netty.util.concurrent.SingleThreadEventExecutor$2.run(SingleThreadEventExecutor.java:140) ~[netty-common-4.0.41.Final.jar:4.0.41.Final]
	... 1 common frames omitted
2017-07-20 16:32:13,419 [WARN] from akka.cluster.sharding.ShardRegion in student-impl-application-akka.actor.default-dispatcher-5 - Trying to register to coordinator at [Some(ActorSelection[Anchor(akka://student-impl-application/), Path(/system/sharding/StudentEventProcessorCoordinator/singleton/coordinator)])], but no acknowledgement. Total [2] buffered messages.
2017-07-20 16:32:15,419 [WARN] from akka.cluster.sharding.ShardRegion in student-impl-application-akka.actor.default-dispatcher-2 - Trying to register to coordinator at [Some(ActorSelection[Anchor(akka://student-impl-application/), Path(/system/sharding/StudentEventProcessorCoordinator/singleton/coordinator)])], but no acknowledgement. Total [2] buffered messages.
2017-07-20 16:32:17,419 [WARN] from akka.cluster.sharding.ShardRegion in student-impl-application-akka.actor.default-dispatcher-6 - Trying to register to coordinator at [Some(ActorSelection[Anchor(akka://student-impl-application/), Path(/system/sharding/StudentEventProcessorCoordinator/singleton/coordinator)])], but no acknowledgement. Total [2] buffered messages.
2017-07-20 16:32:18,326 [ERROR] from akka.cluster.sharding.PersistentShardCoordinator in student-impl-application-akka.actor.default-dispatcher-5 - Persistence failure when replaying events for persistenceId [/sharding/StudentEventProcessorCoordinator]. Last known sequence number [0]
java.util.concurrent.ExecutionException: com.datastax.driver.core.exceptions.ServerError: An unexpected error occurred server side on localhost/127.0.0.1:9042: java.lang.RuntimeException: java.util.concurrent.ExecutionException: org.apache.cassandra.exceptions.ConfigurationException: Column family ID mismatch (found d1ea1840-6d3a-11e7-bee8-8fb59f012558; expected ccad9c30-6d3a-11e7-bee8-8fb59f012558)
	at com.google.common.util.concurrent.AbstractFuture.getDoneValue(AbstractFuture.java:476) ~[guava-19.0.jar:na]
	at com.google.common.util.concurrent.AbstractFuture.get(AbstractFuture.java:435) ~[guava-19.0.jar:na]
	at akka.persistence.cassandra.package$$anon$1$$anonfun$run$1.apply(package.scala:18) ~[akka-persistence-cassandra_2.11-0.22.jar:na]
	at scala.util.Try$.apply(Try.scala:192) ~[scala-library-2.11.8.jar:na]
	at akka.persistence.cassandra.package$$anon$1.run(package.scala:18) ~[akka-persistence-cassandra_2.11-0.22.jar:na]
	at akka.dispatch.TaskInvocation.run(AbstractDispatcher.scala:39) ~[akka-actor_2.11-2.4.16.jar:na]
	at java.util.concurrent.ThreadPoolExecutor.runWorker(ThreadPoolExecutor.java:1142) ~[na:1.8.0_131]
	at java.util.concurrent.ThreadPoolExecutor$Worker.run(ThreadPoolExecutor.java:617) ~[na:1.8.0_131]
	at java.lang.Thread.run(Thread.java:748) ~[na:1.8.0_131]
Caused by: com.datastax.driver.core.exceptions.ServerError: An unexpected error occurred server side on localhost/127.0.0.1:9042: java.lang.RuntimeException: java.util.concurrent.ExecutionException: org.apache.cassandra.exceptions.ConfigurationException: Column family ID mismatch (found d1ea1840-6d3a-11e7-bee8-8fb59f012558; expected ccad9c30-6d3a-11e7-bee8-8fb59f012558)
	at com.datastax.driver.core.Responses$Error.asException(Responses.java:108) ~[cassandra-driver-core-3.1.0.jar:na]
	at com.datastax.driver.core.RequestHandler$SpeculativeExecution.onSet(RequestHandler.java:500) ~[cassandra-driver-core-3.1.0.jar:na]
	at com.datastax.driver.core.Connection$Dispatcher.channelRead0(Connection.java:1012) ~[cassandra-driver-core-3.1.0.jar:na]
	at com.datastax.driver.core.Connection$Dispatcher.channelRead0(Connection.java:935) ~[cassandra-driver-core-3.1.0.jar:na]
	at io.netty.channel.SimpleChannelInboundHandler.channelRead(SimpleChannelInboundHandler.java:105) ~[netty-transport-4.0.41.Final.jar:4.0.41.Final]
	at io.netty.channel.AbstractChannelHandlerContext.invokeChannelRead(AbstractChannelHandlerContext.java:366) ~[netty-transport-4.0.41.Final.jar:4.0.41.Final]
	at io.netty.channel.AbstractChannelHandlerContext.invokeChannelRead(AbstractChannelHandlerContext.java:352) ~[netty-transport-4.0.41.Final.jar:4.0.41.Final]
	at io.netty.channel.AbstractChannelHandlerContext.fireChannelRead(AbstractChannelHandlerContext.java:345) ~[netty-transport-4.0.41.Final.jar:4.0.41.Final]
	at io.netty.handler.timeout.IdleStateHandler.channelRead(IdleStateHandler.java:266) ~[netty-handler-4.0.41.Final.jar:4.0.41.Final]
	at io.netty.channel.AbstractChannelHandlerContext.invokeChannelRead(AbstractChannelHandlerContext.java:366) ~[netty-transport-4.0.41.Final.jar:4.0.41.Final]
	at io.netty.channel.AbstractChannelHandlerContext.invokeChannelRead(AbstractChannelHandlerContext.java:352) ~[netty-transport-4.0.41.Final.jar:4.0.41.Final]
	at io.netty.channel.AbstractChannelHandlerContext.fireChannelRead(AbstractChannelHandlerContext.java:345) ~[netty-transport-4.0.41.Final.jar:4.0.41.Final]
	at io.netty.handler.codec.MessageToMessageDecoder.channelRead(MessageToMessageDecoder.java:102) ~[netty-codec-4.0.41.Final.jar:4.0.41.Final]
	at io.netty.channel.AbstractChannelHandlerContext.invokeChannelRead(AbstractChannelHandlerContext.java:366) ~[netty-transport-4.0.41.Final.jar:4.0.41.Final]
	at io.netty.channel.AbstractChannelHandlerContext.invokeChannelRead(AbstractChannelHandlerContext.java:352) ~[netty-transport-4.0.41.Final.jar:4.0.41.Final]
	at io.netty.channel.AbstractChannelHandlerContext.fireChannelRead(AbstractChannelHandlerContext.java:345) ~[netty-transport-4.0.41.Final.jar:4.0.41.Final]
	at io.netty.handler.codec.ByteToMessageDecoder.fireChannelRead(ByteToMessageDecoder.java:293) ~[netty-codec-4.0.41.Final.jar:4.0.41.Final]
	at io.netty.handler.codec.ByteToMessageDecoder.channelRead(ByteToMessageDecoder.java:267) ~[netty-codec-4.0.41.Final.jar:4.0.41.Final]
	at io.netty.channel.AbstractChannelHandlerContext.invokeChannelRead(AbstractChannelHandlerContext.java:366) ~[netty-transport-4.0.41.Final.jar:4.0.41.Final]
	at io.netty.channel.AbstractChannelHandlerContext.invokeChannelRead(AbstractChannelHandlerContext.java:352) ~[netty-transport-4.0.41.Final.jar:4.0.41.Final]
	at io.netty.channel.AbstractChannelHandlerContext.fireChannelRead(AbstractChannelHandlerContext.java:345) ~[netty-transport-4.0.41.Final.jar:4.0.41.Final]
	at io.netty.channel.DefaultChannelPipeline$HeadContext.channelRead(DefaultChannelPipeline.java:1294) ~[netty-transport-4.0.41.Final.jar:4.0.41.Final]
	at io.netty.channel.AbstractChannelHandlerContext.invokeChannelRead(AbstractChannelHandlerContext.java:366) ~[netty-transport-4.0.41.Final.jar:4.0.41.Final]
	at io.netty.channel.AbstractChannelHandlerContext.invokeChannelRead(AbstractChannelHandlerContext.java:352) ~[netty-transport-4.0.41.Final.jar:4.0.41.Final]
	at io.netty.channel.DefaultChannelPipeline.fireChannelRead(DefaultChannelPipeline.java:911) ~[netty-transport-4.0.41.Final.jar:4.0.41.Final]
	at io.netty.channel.epoll.AbstractEpollStreamChannel$EpollStreamUnsafe.epollInReady(AbstractEpollStreamChannel.java:888) ~[netty-transport-native-epoll-4.0.41.Final-linux-x86_64.jar:4.0.41.Final]
	at io.netty.channel.epoll.EpollEventLoop.processReady(EpollEventLoop.java:389) ~[netty-transport-native-epoll-4.0.41.Final-linux-x86_64.jar:4.0.41.Final]
	at io.netty.channel.epoll.EpollEventLoop.run(EpollEventLoop.java:305) ~[netty-transport-native-epoll-4.0.41.Final-linux-x86_64.jar:4.0.41.Final]
	at io.netty.util.concurrent.SingleThreadEventExecutor$2.run(SingleThreadEventExecutor.java:140) ~[netty-common-4.0.41.Final.jar:4.0.41.Final]
	... 1 common frames omitted
2017-07-20 16:32:19,419 [WARN] from akka.cluster.sharding.ShardRegion in student-impl-application-akka.actor.default-dispatcher-6 - Trying to register to coordinator at [Some(ActorSelection[Anchor(akka://student-impl-application/), Path(/system/sharding/StudentEventProcessorCoordinator/singleton/coordinator)])], but no acknowledgement. Total [2] buffered messages.
2017-07-20 16:32:21,419 [WARN] from akka.cluster.sharding.ShardRegion in student-impl-application-akka.actor.default-dispatcher-2 - Trying to register to coordinator at [Some(ActorSelection[Anchor(akka://student-impl-application/), Path(/system/sharding/StudentEventProcessorCoordinator/singleton/coordinator)])], but no acknowledgement. Total [2] buffered messages.
2017-07-20 16:32:23,419 [WARN] from akka.cluster.sharding.ShardRegion in student-impl-application-akka.actor.default-dispatcher-4 - Trying to register to coordinator at [Some(ActorSelection[Anchor(akka://student-impl-application/), Path(/system/sharding/StudentEventProcessorCoordinator/singleton/coordinator)])], but no acknowledgement. Total [3] buffered messages.
2017-07-20 16:32:25,418 [WARN] from akka.cluster.sharding.ShardRegion in student-impl-application-akka.actor.default-dispatcher-16 - Trying to register to coordinator at [Some(ActorSelection[Anchor(akka://student-impl-application/), Path(/system/sharding/StudentEventProcessorCoordinator/singleton/coordinator)])], but no acknowledgement. Total [3] buffered messages.
2017-07-20 16:32:27,418 [WARN] from akka.cluster.sharding.ShardRegion in student-impl-application-akka.actor.default-dispatcher-2 - Trying to register to coordinator at [Some(ActorSelection[Anchor(akka://student-impl-application/), Path(/system/sharding/StudentEventProcessorCoordinator/singleton/coordinator)])], but no acknowledgement. Total [3] buffered messages.
2017-07-20 16:32:29,419 [WARN] from akka.cluster.sharding.ShardRegion in student-impl-application-akka.actor.default-dispatcher-16 - Trying to register to coordinator at [Some(ActorSelection[Anchor(akka://student-impl-application/), Path(/system/sharding/StudentEventProcessorCoordinator/singleton/coordinator)])], but no acknowledgement. Total [3] buffered messages.
2017-07-20 16:32:29,425 [WARN] from akka.cluster.sharding.ShardRegion in student-impl-application-akka.actor.default-dispatcher-2 - Retry request for shard [events.StudentEvent] homes from coordinator at [Actor[akka://student-impl-application/system/sharding/StudentEventProcessorCoordinator/singleton/coordinator#98879931]]. [3] buffered messages.
2017-07-20 16:32:29,505 [INFO] from events.StudentEventProcessor in student-impl-application-akka.actor.default-dispatcher-16 -  buildHandler method ... 
2017-07-20 16:40:58,734 [ERROR] from movie in student-impl-application-akka.actor.default-dispatcher-3 - Exception in RestCallId{method=GET, pathPattern='/api/student/:id'}
java.lang.IllegalArgumentException: genre is not a column defined in this metadata
	at com.datastax.driver.core.ColumnDefinitions.getAllIdx(ColumnDefinitions.java:266) ~[cassandra-driver-core-3.1.0.jar:na]
	at com.datastax.driver.core.ColumnDefinitions.getFirstIdx(ColumnDefinitions.java:272) ~[cassandra-driver-core-3.1.0.jar:na]
	at com.datastax.driver.core.ArrayBackedRow.getIndexOf(ArrayBackedRow.java:81) ~[cassandra-driver-core-3.1.0.jar:na]
	at com.datastax.driver.core.AbstractGettableData.getString(AbstractGettableData.java:159) ~[cassandra-driver-core-3.1.0.jar:na]
	at StudentServiceImpl.lambda$null$0(StudentServiceImpl.java:45) ~[classes/:na]
	at java.util.stream.ReferencePipeline$3$1.accept(ReferencePipeline.java:193) ~[na:1.8.0_131]
	at java.util.Spliterators$IteratorSpliterator.tryAdvance(Spliterators.java:1812) ~[na:1.8.0_131]
	at java.util.stream.ReferencePipeline.forEachWithCancel(ReferencePipeline.java:126) ~[na:1.8.0_131]
	at java.util.stream.AbstractPipeline.copyIntoWithCancel(AbstractPipeline.java:498) ~[na:1.8.0_131]
	at java.util.stream.AbstractPipeline.copyInto(AbstractPipeline.java:485) ~[na:1.8.0_131]
	at java.util.stream.AbstractPipeline.wrapAndCopyInto(AbstractPipeline.java:471) ~[na:1.8.0_131]
	at java.util.stream.FindOps$FindOp.evaluateSequential(FindOps.java:152) ~[na:1.8.0_131]
	at java.util.stream.AbstractPipeline.evaluate(AbstractPipeline.java:234) ~[na:1.8.0_131]
	at java.util.stream.ReferencePipeline.findFirst(ReferencePipeline.java:464) ~[na:1.8.0_131]
	at StudentServiceImpl.lambda$null$1(StudentServiceImpl.java:48) ~[classes/:na]
	at java.util.concurrent.CompletableFuture.uniApply(CompletableFuture.java:602) ~[na:1.8.0_131]
	at java.util.concurrent.CompletableFuture$UniApply.tryFire(CompletableFuture.java:577) ~[na:1.8.0_131]
	at java.util.concurrent.CompletableFuture$Completion.exec(CompletableFuture.java:443) ~[na:1.8.0_131]
	at java.util.concurrent.ForkJoinTask.doExec(ForkJoinTask.java:289) ~[na:1.8.0_131]
	at java.util.concurrent.ForkJoinPool$WorkQueue.runTask(ForkJoinPool.java:1056) ~[na:1.8.0_131]
	at java.util.concurrent.ForkJoinPool.runWorker(ForkJoinPool.java:1692) ~[na:1.8.0_131]
	at java.util.concurrent.ForkJoinWorkerThread.run(ForkJoinWorkerThread.java:157) ~[na:1.8.0_131]
2017-07-20 16:42:15,633 [ERROR] from akka.actor.OneForOneStrategy in student-impl-application-akka.actor.default-dispatcher-4 - Processor actor [Actor[akka://student-impl-application/user/StreamSupervisor-1/flow-1-1-unknown-operation#2067082139]] terminated abruptly
akka.stream.AbruptTerminationException: Processor actor [Actor[akka://student-impl-application/user/StreamSupervisor-1/flow-1-1-unknown-operation#2067082139]] terminated abruptly
2017-07-20 16:42:16,579 [INFO] from events.StudentEventProcessor in student-impl-application-akka.actor.default-dispatcher-6 -  aggregateTags method ... 
2017-07-20 16:42:16,622 [INFO] from events.StudentEventProcessor in student-impl-application-akka.actor.default-dispatcher-2 -  buildHandler method ... 
2017-07-20 16:42:18,607 [INFO] from events.StudentEventProcessor in student-impl-application-akka.actor.default-dispatcher-4 -  buildHandler method ... 
2017-07-20 16:42:29,185 [ERROR] from akka.actor.OneForOneStrategy in student-impl-application-akka.actor.default-dispatcher-17 - Processor actor [Actor[akka://student-impl-application/user/StreamSupervisor-4/flow-5-1-unknown-operation#424324179]] terminated abruptly
akka.stream.AbruptTerminationException: Processor actor [Actor[akka://student-impl-application/user/StreamSupervisor-4/flow-5-1-unknown-operation#424324179]] terminated abruptly
2017-07-20 16:42:29,559 [INFO] from events.StudentEventProcessor in student-impl-application-akka.actor.default-dispatcher-4 -  aggregateTags method ... 
2017-07-20 16:42:29,584 [INFO] from events.StudentEventProcessor in student-impl-application-akka.actor.default-dispatcher-18 -  buildHandler method ... 
2017-07-20 16:42:31,594 [INFO] from events.StudentEventProcessor in student-impl-application-akka.actor.default-dispatcher-17 -  buildHandler method ... 
